
> emlak-dashboard@0.1.0 build
> next build

   Ôû▓ Next.js 14.1.0

   Creating an optimized production build ...
> [PWA] Compile server
> [PWA] Compile server
> [PWA] Compile client (static)
> [PWA] Auto register service worker with: C:\Users\alifa\Desktop\Projeler\omnexus.com\dashboard\node_modules\next-pwa\register.js
> [PWA] Service worker: C:\Users\alifa\Desktop\Projeler\omnexus.com\dashboard\public\sw.js
> [PWA]   url: /sw.js
> [PWA]   scope: /
 Ô£ô Compiled successfully
   Linting and checking validity of types ...
node.exe : Failed to
 compile.
At line:1 char:1
+ & "C:\Program File
s\nodejs/node.exe" "
C:\Program Files\nod
ejs/node_mo ...
+ ~~~~~~~~~~~~~~~~~~
~~~~~~~~~~~~~~~~~~~~
~~~~~~~~~~~~~~~~~~~~
~~~~~~~~~~~
    + CategoryInfo  
            : NotS  
  pecified: (Fail   
 ed to compile.:    
String) [], Rem    o
teException
    + FullyQualifie 
   dErrorId : Nati  
  veCommandError
 

./src/components/Val
uationResult.tsx:30:
48
Type error: Property
 'pdfError' does not
 exist on type '{ en
gineTitle: string; r
esidential: string; 
land: string; commer
cial: string; sale: 
string; rent: string
; location: string; 
province: string; di
strict: string; neig
hborhood: string; ph
ysicalAttributes: st
ring; ... 19 more ..
.; disclaimer: strin
g; }'.

[0m [90m 28 |[39m
       })[33m;[39m
[0m
[0m [90m 29 |[39m
[0m
[0m[31m[1m>[22m
[39m[90m 30 |[39m 
      [36mif[39m (
[33m![39mres[33m.
[39mok) [36mthrow
[39m [36mnew[39m 
[33mError[39m(t[33
m.[39mvaluation[33
m.[39mpdfError)[33
m;[39m[0m
[0m [90m    |[39m
                    
                    
        [31m[1m^[
22m[39m[0m
[0m [90m 31 |[39m
[0m
[0m [90m 32 |[39m
       [36mconst[3
9m blob [33m=[39m 
[36mawait[39m res
[33m.[39mblob()[33
m;[39m[0m
[0m [90m 33 |[39m
       [36mconst[3
9m url [33m=[39m w
indow[33m.[39m[33
mURL[39m[33m.[39m
createObjectURL(blob
)[33m;[39m[0m
